This file contains any messages produced by compilers while
running configure, to aid debugging if configure makes a mistake.

It was created by configure, which was
generated by GNU Autoconf 2.52.  Invocation command line was

  $ ./configure 

## ---------- ##
## Platform.  ##
## ---------- ##

hostname = brazos.fios-router.home
uname -m = x86_64
uname -r = 15.0.0
uname -s = Darwin
uname -v = Darwin Kernel Version 15.0.0: Sat Sep 19 15:53:46 PDT 2015; root:xnu-3247.10.11~1/RELEASE_X86_64

/usr/bin/uname -p = i386
/bin/uname -X     = unknown

/bin/arch              = unknown
/usr/bin/arch -k       = unknown
/usr/convex/getsysinfo = unknown
hostinfo               = Mach kernel version:
	 Darwin Kernel Version 15.0.0: Sat Sep 19 15:53:46 PDT 2015; root:xnu-3247.10.11~1/RELEASE_X86_64
Kernel configured for up to 8 processors.
4 processors are physically available.
8 processors are logically available.
Processor type: x86_64h (Intel x86-64h Haswell)
Processors active: 0 1 2 3 4 5 6 7
Primary memory available: 16.00 gigabytes
Default processor set: 302 tasks, 1367 threads, 8 processors
Load average: 2.46, Mach factor: 5.52
/bin/machine           = unknown
/usr/bin/oslevel       = unknown
/bin/universe          = unknown

PATH = /Users/adexter/.gem/ruby/2.2.3/bin:/Users/adexter/.rubies/ruby-2.2.3/lib/ruby/gems/2.2.0/bin:/Users/adexter/.rubies/ruby-2.2.3/bin:/opt/local/bin:/opt/local/sbin:/usr/local/bin:/usr/bin:/bin:/usr/sbin:/sbin

## ------------ ##
## Core tests.  ##
## ------------ ##

configure:1135: PATH=".;."; conftest.sh
./configure: line 1136: conftest.sh: command not found
configure:1138: $? = 127
configure:1184: checking for a BSD compatible install
configure:1233: result: /opt/local/bin/ginstall -c
configure:1244: checking whether build environment is sane
configure:1287: result: yes
configure:1320: checking for mawk
configure:1346: result: no
configure:1320: checking for gawk
configure:1335: found /opt/local/bin/gawk
configure:1343: result: gawk
configure:1353: checking whether make sets ${MAKE}
configure:1373: result: yes
configure:1507: checking for gcc
configure:1522: found /usr/bin/gcc
configure:1530: result: gcc
configure:1758: checking for C compiler version
configure:1761: gcc --version </dev/null >&5
Configured with: --prefix=/Applications/Xcode.app/Contents/Developer/usr --with-gxx-include-dir=/usr/include/c++/4.2.1
Apple LLVM version 7.0.0 (clang-700.1.76)
Target: x86_64-apple-darwin15.0.0
Thread model: posix
configure:1764: $? = 0
configure:1766: gcc -v </dev/null >&5
Configured with: --prefix=/Applications/Xcode.app/Contents/Developer/usr --with-gxx-include-dir=/usr/include/c++/4.2.1
Apple LLVM version 7.0.0 (clang-700.1.76)
Target: x86_64-apple-darwin15.0.0
Thread model: posix
configure:1769: $? = 0
configure:1771: gcc -V </dev/null >&5
clang: error: argument to '-V' is missing (expected 1 value)
clang: error: no input files
configure:1774: $? = 1
configure:1794: checking for C compiler default output
configure:1797: gcc    conftest.c  >&5
configure:1800: $? = 0
configure:1829: result: a.out
configure:1834: checking whether the C compiler works
configure:1840: ./a.out
configure:1843: $? = 0
configure:1858: result: yes
configure:1865: checking whether we are cross compiling
configure:1867: result: no
configure:1870: checking for executable suffix
configure:1872: gcc -o conftest    conftest.c  >&5
configure:1875: $? = 0
configure:1897: result: 
configure:1903: checking for object suffix
configure:1921: gcc -c   conftest.c >&5
configure:1924: $? = 0
configure:1943: result: o
configure:1947: checking whether we are using the GNU C compiler
configure:1968: gcc -c   conftest.c >&5
configure:1971: $? = 0
configure:1974: test -s conftest.o
configure:1977: $? = 0
configure:1989: result: yes
configure:1995: checking whether gcc accepts -g
configure:2013: gcc -c -g  conftest.c >&5
configure:2016: $? = 0
configure:2019: test -s conftest.o
configure:2022: $? = 0
configure:2032: result: yes
configure:2059: gcc -c -g -O2  conftest.c >&5
conftest.c:2:3: error: unknown type name 'choke'
  choke me
  ^
conftest.c:2:11: error: expected ';' after top level declarator
  choke me
          ^
          ;
2 errors generated.
configure:2062: $? = 1
configure: failed program was:
#ifndef __cplusplus
  choke me
#endif
configure:2168: checking for style of include used by make
configure:2195: result: GNU
configure:2201: checking dependency style of gcc
configure:2263: result: gcc3
configure:2272: checking how to run the C preprocessor
configure:2298: gcc -E  conftest.c
configure:2304: $? = 0
configure:2331: gcc -E  conftest.c
configure:2328:10: fatal error: 'ac_nonexistent.h' file not found
#include <ac_nonexistent.h>
         ^
1 error generated.
configure:2337: $? = 1
configure: failed program was:
#line 2327 "configure"
#include "confdefs.h"
#include <ac_nonexistent.h>
configure:2374: result: gcc -E
configure:2389: gcc -E  conftest.c
configure:2395: $? = 0
configure:2422: gcc -E  conftest.c
configure:2419:10: fatal error: 'ac_nonexistent.h' file not found
#include <ac_nonexistent.h>
         ^
1 error generated.
configure:2428: $? = 1
configure: failed program was:
#line 2418 "configure"
#include "confdefs.h"
#include <ac_nonexistent.h>
configure:2479: checking for a BSD compatible install
configure:2528: result: /opt/local/bin/ginstall -c
configure:2611: checking build system type
configure:2629: result: i386-apple-darwin15.0.0
configure:2636: checking host system type
configure:2650: result: i386-apple-darwin15.0.0
configure:2678: checking for ld used by GCC
configure:2741: result: /Applications/Xcode.app/Contents/Developer/Toolchains/XcodeDefault.xctoolchain/usr/bin/ld
configure:2750: checking if the linker (/Applications/Xcode.app/Contents/Developer/Toolchains/XcodeDefault.xctoolchain/usr/bin/ld) is GNU ld
configure:2762: result: no
configure:2766: checking for /Applications/Xcode.app/Contents/Developer/Toolchains/XcodeDefault.xctoolchain/usr/bin/ld option to reload object files
configure:2773: result: -r
configure:2778: checking for BSD-compatible nm
configure:2814: result: /usr/bin/nm
configure:2817: checking whether ln -s works
configure:2821: result: yes
configure:2828: checking how to recognise dependant libraries
configure:3006: result: file_magic Mach-O dynamically linked shared library
configure:3012: checking command to parse /usr/bin/nm output
configure:3093: gcc -c -g -O2  conftest.c >&5
configure:3096: $? = 0
configure:3100: /usr/bin/nm conftest.o \| sed -n -e 's/^.*[ 	]\([BCDEGRST][BCDEGRST]*\)[ 	][ 	]*\(\)\([_A-Za-z][_A-Za-z0-9]*\)$/\1 \2\3 \3/p' \> conftest.nm
configure:3103: $? = 0
cannot find nm_test_var in conftest.nm
configure:3093: gcc -c -g -O2  conftest.c >&5
configure:3096: $? = 0
configure:3100: /usr/bin/nm conftest.o \| sed -n -e 's/^.*[ 	]\([BCDEGRST][BCDEGRST]*\)[ 	][ 	]*\(_\)\([_A-Za-z][_A-Za-z0-9]*\)$/\1 \2\3 \3/p' \> conftest.nm
configure:3103: $? = 0
configure:3155: gcc -o conftest -g -O2   conftest.c conftstm.o >&5
configure:3158: $? = 0
configure:3202: result: ok
configure:3209: checking for dlfcn.h
configure:3219: gcc -E  conftest.c
configure:3225: $? = 0
configure:3244: result: yes
configure:3431: checking for ranlib
configure:3446: found /usr/bin/ranlib
configure:3455: result: ranlib
configure:3505: checking for strip
configure:3520: found /usr/bin/strip
configure:3529: result: strip
configure:3731: checking for objdir
configure:3742: result: .libs
configure:3757: checking for gcc option to produce PIC
configure:3907: result: -fno-common
configure:3911: checking if gcc PIC flag -fno-common works
configure:3931: gcc -c -g -O2 -fno-common -DPIC  conftest.c >&5
configure:3934: $? = 0
configure:3937: test -s conftest.o
configure:3940: $? = 0
configure:3976: result: yes
configure:3992: checking if gcc static flag -static works
configure:4013: gcc -o conftest -g -O2   -static conftest.c  >&5
ld: library not found for -lcrt0.o
clang: error: linker command failed with exit code 1 (use -v to see invocation)
configure:4016: $? = 1
configure: failed program was:
#line 4001 "configure"
#include "confdefs.h"

int
main ()
{

  ;
  return 0;
}
configure:4036: result: no
configure:4047: checking if gcc supports -c -o file.o
configure:4067: gcc -c -g -O2 -o out/conftest2.o  conftest.c >&5
configure:4091: result: yes
configure:4096: checking if gcc supports -c -o file.lo
configure:4120: gcc -c -g -O2 -c -o conftest.lo  conftest.c >&5
configure:4123: $? = 0
configure:4126: test -s conftest.lo
configure:4129: $? = 0
configure:4150: result: yes
configure:4181: checking if gcc supports -fno-rtti -fno-exceptions
configure:4200: gcc -c -g -O2 -fno-rtti -fno-exceptions -c conftest.c  conftest.c >&5
configure:4203: $? = 0
configure:4206: test -s conftest.o
configure:4209: $? = 0
configure:4225: result: yes
configure:4236: checking whether the linker (/Applications/Xcode.app/Contents/Developer/Toolchains/XcodeDefault.xctoolchain/usr/bin/ld) supports shared libraries
configure:4916: result: yes
configure:4921: checking how to hardcode library paths into programs
configure:4945: result: unsupported
configure:4950: checking whether stripping libraries is possible
configure:4958: result: no
configure:4966: checking dynamic linker characteristics
configure:5359: result: darwin15.0.0 dyld
configure:5364: checking if libtool supports shared libraries
configure:5366: result: yes
configure:5369: checking whether to build shared libraries
configure:5390: result: yes
configure:5393: checking whether to build static libraries
configure:5397: result: yes
configure:6670: checking for g++
configure:6685: found /usr/bin/g++
configure:6693: result: g++
configure:6708: checking for C++ compiler version
configure:6711: g++ --version </dev/null >&5
Configured with: --prefix=/Applications/Xcode.app/Contents/Developer/usr --with-gxx-include-dir=/usr/include/c++/4.2.1
Apple LLVM version 7.0.0 (clang-700.1.76)
Target: x86_64-apple-darwin15.0.0
Thread model: posix
configure:6714: $? = 0
configure:6716: g++ -v </dev/null >&5
Configured with: --prefix=/Applications/Xcode.app/Contents/Developer/usr --with-gxx-include-dir=/usr/include/c++/4.2.1
Apple LLVM version 7.0.0 (clang-700.1.76)
Target: x86_64-apple-darwin15.0.0
Thread model: posix
configure:6719: $? = 0
configure:6721: g++ -V </dev/null >&5
clang: error: argument to '-V' is missing (expected 1 value)
clang: error: no input files
configure:6724: $? = 1
configure:6727: checking whether we are using the GNU C++ compiler
configure:6748: g++ -c   conftest.cc >&5
configure:6751: $? = 0
configure:6754: test -s conftest.o
configure:6757: $? = 0
configure:6769: result: yes
configure:6775: checking whether g++ accepts -g
configure:6793: g++ -c -g  conftest.cc >&5
configure:6796: $? = 0
configure:6799: test -s conftest.o
configure:6802: $? = 0
configure:6812: result: yes
configure:6852: g++ -c -g -O2  conftest.cc >&5
configure:6855: $? = 0
configure:6858: test -s conftest.o
configure:6861: $? = 0
configure:6883: g++ -c -g -O2  conftest.cc >&5
configure:6876:1: error: use of undeclared identifier 'exit'
exit (42);
^
1 error generated.
configure:6886: $? = 1
configure: failed program was:
#line 6871 "configure"
#include "confdefs.h"

int
main ()
{
exit (42);
  ;
  return 0;
}
configure:6852: g++ -c -g -O2  conftest.cc >&5
configure:6855: $? = 0
configure:6858: test -s conftest.o
configure:6861: $? = 0
configure:6883: g++ -c -g -O2  conftest.cc >&5
configure:6886: $? = 0
configure:6889: test -s conftest.o
configure:6892: $? = 0
configure:6916: checking dependency style of g++
configure:6978: result: gcc3
configure:6988: checking whether g++ works
configure:7004: g++ -c -g -O2  conftest.cc >&5
configure:7007: $? = 0
configure:7010: test -s conftest.o
configure:7013: $? = 0
configure:7015: result: yes
configure:7019: checking whether cin has a streambuf assignment operator
configure:7034: g++ -c -g -O2  conftest.cc >&5
configure:7027:1: error: use of undeclared identifier 'cin'; did you mean 'std::cin'?
cin = static_cast<streambuf *>(0);
^~~
std::cin
/Applications/Xcode.app/Contents/Developer/Toolchains/XcodeDefault.xctoolchain/usr/bin/../include/c++/v1/iostream:49:33: note: 'std::cin' declared here
extern _LIBCPP_FUNC_VIS istream cin;
                                ^
configure:7027:19: error: unknown type name 'streambuf'; did you mean 'std::streambuf'?
cin = static_cast<streambuf *>(0);
                  ^~~~~~~~~
                  std::streambuf
/Applications/Xcode.app/Contents/Developer/Toolchains/XcodeDefault.xctoolchain/usr/bin/../include/c++/v1/iosfwd:145:38: note: 'std::streambuf' declared here
typedef basic_streambuf<char>        streambuf;
                                     ^
configure:7027:5: error: no viable overloaded '='
cin = static_cast<streambuf *>(0);
~~~ ^ ~~~~~~~~~~~~~~~~~~~~~~~~~~~
/Applications/Xcode.app/Contents/Developer/Toolchains/XcodeDefault.xctoolchain/usr/bin/../include/c++/v1/istream:1726:48: note: candidate function (the implicit copy assignment operator) not viable: no known conversion from 'std::streambuf *' (aka 'basic_streambuf<char> *') to 'const std::__1::basic_istream<char>' for 1st argument
_LIBCPP_EXTERN_TEMPLATE(class _LIBCPP_TYPE_VIS basic_istream<char>)
                                               ^
/Applications/Xcode.app/Contents/Developer/Toolchains/XcodeDefault.xctoolchain/usr/bin/../include/c++/v1/__config:623:54: note: expanded from macro '_LIBCPP_EXTERN_TEMPLATE'
#define _LIBCPP_EXTERN_TEMPLATE(...) extern template __VA_ARGS__;
                                                     ^
3 errors generated.
configure:7037: $? = 1
configure: failed program was:
#line 7022 "configure"
#include "confdefs.h"
#include <iostream>
int
main ()
{
cin = static_cast<streambuf *>(0);
  ;
  return 0;
}
configure:7055: result: no
configure:7059: checking whether char_type is defined in the context of streambuf
configure:7074: g++ -c -g -O2  conftest.cc >&5
configure:7077: $? = 0
configure:7080: test -s conftest.o
configure:7083: $? = 0
configure:7085: result: yes
configure:7113: checking for gethostbyname in -lnsl
configure:7140: gcc -o conftest -g -O2   conftest.c -lnsl   >&5
ld: library not found for -lnsl
clang: error: linker command failed with exit code 1 (use -v to see invocation)
configure:7143: $? = 1
configure: failed program was:
#line 7121 "configure"
#include "confdefs.h"

/* Override any gcc2 internal prototype to avoid an error.  */
#ifdef __cplusplus
extern "C"
#endif
/* We use char because int might match the return type of a gcc2
   builtin and then its argument prototype would still apply.  */
char gethostbyname ();
int
main ()
{
gethostbyname ();
  ;
  return 0;
}
configure:7160: result: no
configure:7171: checking for socket in -lsocket
configure:7198: gcc -o conftest -g -O2   conftest.c -lsocket   >&5
ld: library not found for -lsocket
clang: error: linker command failed with exit code 1 (use -v to see invocation)
configure:7201: $? = 1
configure: failed program was:
#line 7179 "configure"
#include "confdefs.h"

/* Override any gcc2 internal prototype to avoid an error.  */
#ifdef __cplusplus
extern "C"
#endif
/* We use char because int might match the return type of a gcc2
   builtin and then its argument prototype would still apply.  */
char socket ();
int
main ()
{
socket ();
  ;
  return 0;
}
configure:7218: result: no
configure:7233: checking for pthread.h
configure:7243: gcc -E  conftest.c
configure:7249: $? = 0
configure:7268: result: yes
configure:7393: checking for the pthreads library -lpthreads
configure:7428: gcc -o conftest -g -O2    conftest.c -lpthreads  >&5
ld: library not found for -lpthreads
clang: error: linker command failed with exit code 1 (use -v to see invocation)
configure:7431: $? = 1
configure: failed program was:
#line 7414 "configure"
#include "confdefs.h"
#include <pthread.h>
int
main ()
{
pthread_t th; pthread_join(th, 0);
                     pthread_attr_init(0); pthread_cleanup_push(0, 0);
                     pthread_create(0,0,0,0); pthread_cleanup_pop(0);
  ;
  return 0;
}
configure:7449: result: no
configure:7382: checking whether pthreads work without any flags
configure:7428: gcc -o conftest -g -O2    conftest.c   >&5
configure:7431: $? = 0
configure:7434: test -s conftest
configure:7437: $? = 0
configure:7449: result: yes
configure:7469: checking for joinable pthread attribute
configure:7484: gcc -o conftest -g -O2    conftest.c   >&5
configure:7487: $? = 0
configure:7490: test -s conftest
configure:7493: $? = 0
configure:7542: result: PTHREAD_CREATE_JOINABLE
configure:7549: checking if more special flags are required for pthreads
configure:7556: result: no
configure:7568: checking for cc_r
configure:7592: result: gcc
configure:7612: checking for ANSI C header files
configure:7626: gcc -E  conftest.c
configure:7632: $? = 0
configure:7719: gcc -o conftest -g -O2   conftest.c  >&5
configure:7711:7: warning: implicitly declaring library function 'exit' with type 'void (int) __attribute__((noreturn))'
      exit(2);
      ^
configure:7711:7: note: include the header <stdlib.h> or explicitly provide a declaration for 'exit'
1 warning generated.
configure:7722: $? = 0
configure:7724: ./conftest
configure:7727: $? = 0
configure:7740: result: yes
configure:7756: checking for sys/types.h
configure:7768: gcc -c -g -O2  conftest.c >&5
configure:7771: $? = 0
configure:7774: test -s conftest.o
configure:7777: $? = 0
configure:7787: result: yes
configure:7756: checking for sys/stat.h
configure:7768: gcc -c -g -O2  conftest.c >&5
configure:7771: $? = 0
configure:7774: test -s conftest.o
configure:7777: $? = 0
configure:7787: result: yes
configure:7756: checking for stdlib.h
configure:7768: gcc -c -g -O2  conftest.c >&5
configure:7771: $? = 0
configure:7774: test -s conftest.o
configure:7777: $? = 0
configure:7787: result: yes
configure:7756: checking for string.h
configure:7768: gcc -c -g -O2  conftest.c >&5
configure:7771: $? = 0
configure:7774: test -s conftest.o
configure:7777: $? = 0
configure:7787: result: yes
configure:7756: checking for memory.h
configure:7768: gcc -c -g -O2  conftest.c >&5
configure:7771: $? = 0
configure:7774: test -s conftest.o
configure:7777: $? = 0
configure:7787: result: yes
configure:7756: checking for strings.h
configure:7768: gcc -c -g -O2  conftest.c >&5
configure:7771: $? = 0
configure:7774: test -s conftest.o
configure:7777: $? = 0
configure:7787: result: yes
configure:7756: checking for inttypes.h
configure:7768: gcc -c -g -O2  conftest.c >&5
configure:7771: $? = 0
configure:7774: test -s conftest.o
configure:7777: $? = 0
configure:7787: result: yes
configure:7756: checking for stdint.h
configure:7768: gcc -c -g -O2  conftest.c >&5
configure:7771: $? = 0
configure:7774: test -s conftest.o
configure:7777: $? = 0
configure:7787: result: yes
configure:7756: checking for unistd.h
configure:7768: gcc -c -g -O2  conftest.c >&5
configure:7771: $? = 0
configure:7774: test -s conftest.o
configure:7777: $? = 0
configure:7787: result: yes
configure:7797: checking for gcc option to accept ANSI C
configure:7854: gcc  -c -g -O2  conftest.c >&5
configure:7857: $? = 0
configure:7860: test -s conftest.o
configure:7863: $? = 0
configure:7880: result: none needed
configure:7888: checking for ssize_t
configure:7909: gcc -c -g -O2  conftest.c >&5
configure:7912: $? = 0
configure:7915: test -s conftest.o
configure:7918: $? = 0
configure:7928: result: yes
configure:7940: checking for sun_len in sys/un.h
configure:7950: result: yes
configure:7963: checking for fpos_t in stdio.h
configure:7973: result: yes
configure:7989: checking for sys/socket.h
configure:7999: gcc -E  conftest.c
configure:8005: $? = 0
configure:8024: result: yes
configure:7989: checking for netdb.h
configure:7999: gcc -E  conftest.c
configure:8005: $? = 0
configure:8024: result: yes
configure:7989: checking for netinet/in.h
configure:7999: gcc -E  conftest.c
configure:8005: $? = 0
configure:8024: result: yes
configure:7989: checking for arpa/inet.h
configure:7999: gcc -E  conftest.c
configure:8005: $? = 0
configure:8024: result: yes
configure:8037: checking for sys/time.h
configure:8047: gcc -E  conftest.c
configure:8053: $? = 0
configure:8072: result: yes
configure:8037: checking for limits.h
configure:8047: gcc -E  conftest.c
configure:8053: $? = 0
configure:8072: result: yes
configure:8037: checking for sys/param.h
configure:8047: gcc -E  conftest.c
configure:8053: $? = 0
configure:8072: result: yes
configure:8037: checking for unistd.h
configure:8072: result: yes
configure:8082: checking for a fileno() prototype in stdio.h
configure:8092: result: yes
configure:8134: checking whether cross-process locking is required by accept()
configure:8147: result: no
configure:8156: checking whether va_arg(arg, long double) crashes the compiler
configure:8171: gcc -c -g -O2  conftest.c >&5
configure:8174: $? = 0
configure:8177: test -s conftest.o
configure:8180: $? = 0
configure:8182: result: no
configure:8197: checking for an ANSI C-conforming const
configure:8261: gcc -c -g -O2  conftest.c >&5
configure:8264: $? = 0
configure:8267: test -s conftest.o
configure:8270: $? = 0
configure:8280: result: yes
configure:8293: checking for strerror
configure:8330: gcc -o conftest -g -O2   conftest.c  >&5
configure:8309:6: warning: incompatible redeclaration of library function 'strerror' [-Wincompatible-library-redeclaration]
char strerror ();
     ^
configure:8309:6: note: 'strerror' is a builtin with type 'char *(int)'
1 warning generated.
configure:8333: $? = 0
configure:8336: test -s conftest
configure:8339: $? = 0
configure:8349: result: yes
configure:8361: checking for inline
configure:8378: gcc -c -g -O2  conftest.c >&5
configure:8381: $? = 0
configure:8384: test -s conftest.o
configure:8387: $? = 0
configure:8398: result: inline
configure:8427: checking for C compiler warning flags
configure:8499: result: -Wall
configure:8583: creating ./config.status

## ----------------------- ##
## Running config.status.  ##
## ----------------------- ##

This file was extended by config.status 2.52, executed with
  CONFIG_FILES    = 
  CONFIG_HEADERS  = 
  CONFIG_LINKS    = 
  CONFIG_COMMANDS = 
  > ./config.status 
on brazos.fios-router.home

config.status:9083: creating Makefile
config.status:9083: creating cgi-fcgi/Makefile
config.status:9083: creating include/Makefile
config.status:9083: creating libfcgi/Makefile
config.status:9083: creating examples/Makefile
config.status:9175: creating fcgi_config.h
config.status:9316: fcgi_config.h is unchanged

## ----------------- ##
## Cache variables.  ##
## ----------------- ##

ac_cv_build=i386-apple-darwin15.0.0
ac_cv_build_alias=i386-apple-darwin15.0.0
ac_cv_c_compiler_gnu=yes
ac_cv_c_const=yes
ac_cv_c_inline=inline
ac_cv_cxx_compiler_gnu=yes
ac_cv_env_CC_set=
ac_cv_env_CC_value=
ac_cv_env_CFLAGS_set=
ac_cv_env_CFLAGS_value=
ac_cv_env_CPPFLAGS_set=
ac_cv_env_CPPFLAGS_value=
ac_cv_env_CPP_set=
ac_cv_env_CPP_value=
ac_cv_env_CXXFLAGS_set=
ac_cv_env_CXXFLAGS_value=
ac_cv_env_CXX_set=
ac_cv_env_CXX_value=
ac_cv_env_LDFLAGS_set=
ac_cv_env_LDFLAGS_value=
ac_cv_env_build_alias_set=
ac_cv_env_build_alias_value=
ac_cv_env_host_alias_set=
ac_cv_env_host_alias_value=
ac_cv_env_target_alias_set=
ac_cv_env_target_alias_value=
ac_cv_func_strerror=yes
ac_cv_header_arpa_inet_h=yes
ac_cv_header_dlfcn_h=yes
ac_cv_header_inttypes_h=yes
ac_cv_header_limits_h=yes
ac_cv_header_memory_h=yes
ac_cv_header_netdb_h=yes
ac_cv_header_netinet_in_h=yes
ac_cv_header_pthread_h=yes
ac_cv_header_stdc=yes
ac_cv_header_stdint_h=yes
ac_cv_header_stdlib_h=yes
ac_cv_header_string_h=yes
ac_cv_header_strings_h=yes
ac_cv_header_sys_param_h=yes
ac_cv_header_sys_socket_h=yes
ac_cv_header_sys_stat_h=yes
ac_cv_header_sys_time_h=yes
ac_cv_header_sys_types_h=yes
ac_cv_header_unistd_h=yes
ac_cv_host=i386-apple-darwin15.0.0
ac_cv_host_alias=i386-apple-darwin15.0.0
ac_cv_lib_nsl_gethostbyname=no
ac_cv_lib_socket_socket=no
ac_cv_objext=o
ac_cv_path_install='/opt/local/bin/ginstall -c'
ac_cv_prog_AWK=gawk
ac_cv_prog_CPP='gcc -E'
ac_cv_prog_PTHREAD_CC=gcc
ac_cv_prog_ac_ct_CC=gcc
ac_cv_prog_ac_ct_CXX=g++
ac_cv_prog_ac_ct_RANLIB=ranlib
ac_cv_prog_ac_ct_STRIP=strip
ac_cv_prog_cc_g=yes
ac_cv_prog_cc_stdc=
ac_cv_prog_cc_warnings=-Wall
ac_cv_prog_cxx_g=yes
ac_cv_prog_make_make_set=yes
ac_cv_type_ssize_t=yes
am_cv_CC_dependencies_compiler_type=gcc3
am_cv_CXX_dependencies_compiler_type=gcc3
lt_cv_compiler_c_o=yes
lt_cv_compiler_o_lo=yes
lt_cv_deplibs_check_method='file_magic Mach-O dynamically linked shared library'
lt_cv_file_magic_cmd='/usr/bin/file -L'
lt_cv_file_magic_test_file=/usr/lib/libSystem.dylib
lt_cv_global_symbol_to_c_name_address='sed -n -e '\''s/^: \([^ ]*\) $/  {\"\1\", (lt_ptr) 0},/p'\'' -e '\''s/^[BCDEGRST] \([^ ]*\) \([^ ]*\)$/  {"\2", (lt_ptr) \&\2},/p'\'''
lt_cv_global_symbol_to_cdecl='sed -n -e '\''s/^. .* \(.*\)$/extern char \1;/p'\'''
lt_cv_ld_reload_flag=-r
lt_cv_path_LD=/Applications/Xcode.app/Contents/Developer/Toolchains/XcodeDefault.xctoolchain/usr/bin/ld
lt_cv_path_NM=/usr/bin/nm
lt_cv_prog_cc_can_build_shared=yes
lt_cv_prog_cc_no_builtin=
lt_cv_prog_cc_pic=' -fno-common'
lt_cv_prog_cc_pic_works=yes
lt_cv_prog_cc_shlib=
lt_cv_prog_cc_static=
lt_cv_prog_cc_static_works=no
lt_cv_prog_cc_wl=-Wl,
lt_cv_prog_gnu_ld=no
lt_cv_sys_global_symbol_pipe='sed -n -e '\''s/^.*[ 	]\([BCDEGRST][BCDEGRST]*\)[ 	][ 	]*\(_\)\([_A-Za-z][_A-Za-z0-9]*\)$/\1 \2\3 \3/p'\'''
lt_cv_sys_path_separator=:

## ------------ ##
## confdefs.h.  ##
## ------------ ##

#define PACKAGE "fcgi"
#define VERSION "2.4.1-SNAP-0311112127"
#define HAVE_DLFCN_H 1
#ifdef __cplusplus
#include <stdlib.h>
#endif
#define HAVE_STREAMBUF_CHAR_TYPE 1
#define STDC_HEADERS 1
#define HAVE_SYS_TYPES_H 1
#define HAVE_SYS_STAT_H 1
#define HAVE_STDLIB_H 1
#define HAVE_STRING_H 1
#define HAVE_MEMORY_H 1
#define HAVE_STRINGS_H 1
#define HAVE_INTTYPES_H 1
#define HAVE_STDINT_H 1
#define HAVE_UNISTD_H 1
#define HAVE_SOCKADDR_UN_SUN_LEN 1
#define HAVE_FPOS 1
#define HAVE_SYS_SOCKET_H 1
#define HAVE_NETDB_H 1
#define HAVE_NETINET_IN_H 1
#define HAVE_ARPA_INET_H 1
#define HAVE_SYS_TIME_H 1
#define HAVE_LIMITS_H 1
#define HAVE_SYS_PARAM_H 1
#define HAVE_UNISTD_H 1
#define HAVE_FILENO_PROTO 1
#define HAVE_STRERROR 1


configure: exit 0
